2019-09-22 19:16:12: query.py: DEBUG: execute(): 250: Execute query: CREATE TABLE users (
id INTEGER NOT NULL PRIMARY KEY  AUTOINCREMENT,
name TEXT NOT NULL   ,
active BOOLEAN NOT NULL  DEFAULT 1 

)
2019-09-22 19:16:12: query.py: DEBUG: execute(): 250: Execute query: CREATE TABLE posts (
id INTEGER NOT NULL PRIMARY KEY  ,
name TEXT NOT NULL   ,
id_user INTEGER    
, FOREIGN KEY (id_user) REFERENCES users(id)
)
2019-09-22 19:16:13: query.py: DEBUG: execute(): 250: Execute query: INSERT INTO users(name, active, id)
VALUES ('User1', 1, 1)
2019-09-22 19:16:13: query.py: DEBUG: execute(): 250: Execute query: INSERT INTO users(name, active, id)
VALUES ('User2', 1, 2)
2019-09-22 19:16:13: query.py: DEBUG: execute(): 250: Execute query: INSERT INTO users(name, active, id)
VALUES ('User3', 1, 3)
2019-09-22 19:16:13: query.py: DEBUG: execute(): 250: Execute query: INSERT INTO posts(name, id, id_user)
VALUES ('Post1', 1, 1)
2019-09-22 19:16:13: query.py: DEBUG: execute(): 250: Execute query: INSERT INTO posts(name, id, id_user)
VALUES ('Post2', 2, 2)
2019-09-22 19:16:13: query.py: DEBUG: execute(): 250: Execute query: INSERT INTO posts(name, id, id_user)
VALUES ('Post3', 3, 3)
2019-09-22 19:16:13: query.py: DEBUG: join(): 237: Getting join string: 
JOIN posts ON posts.id_user = users.id
2019-09-22 19:16:13: query.py: DEBUG: execute(): 250: Execute query: SELECT users.name, posts.name FROM users
JOIN posts ON posts.id_user = users.id
2019-09-22 19:21:29: query.py: DEBUG: join(): 237: Getting join string: 
JOIN posts ON posts.id_user = users.id
2019-09-22 19:21:29: query.py: DEBUG: execute(): 250: Execute query: SELECT users.name, posts.name FROM users
JOIN posts ON posts.id_user = users.id
